2020-08-10 03:20:13,018 INFO o.s.t.c.s.AbstractTestContextBootstrapper [main] Neither @ContextConfiguration nor @ContextHierarchy found for test class [com.example.SpringDockerAssignment.SpringDockerAssignmentApplicationTests], using SpringBootContextLoader
2020-08-10 03:20:13,037 INFO o.s.t.c.s.AbstractContextLoader [main] Could not detect default resource locations for test class [com.example.SpringDockerAssignment.SpringDockerAssignmentApplicationTests]: no resource found for suffixes {-context.xml, Context.groovy}.
2020-08-10 03:20:13,040 INFO o.s.t.c.s.AnnotationConfigContextLoaderUtils [main] Could not detect default configuration classes for test class [com.example.SpringDockerAssignment.SpringDockerAssignmentApplicationTests]: SpringDockerAssignmentApplicationTests does not declare any static, non-private, non-final, nested classes annotated with @Configuration.
2020-08-10 03:20:13,260 INFO o.s.b.t.c.SpringBootTestContextBootstrapper [main] Found @SpringBootConfiguration com.example.SpringDockerAssignment.SpringDockerAssignmentApplication for test class com.example.SpringDockerAssignment.SpringDockerAssignmentApplicationTests
2020-08-10 03:20:13,267 INFO o.s.t.c.s.AbstractTestContextBootstrapper [main] Loaded default TestExecutionListener class names from location [META-INF/spring.factories]: [org.springframework.boot.test.mock.mockito.MockitoTestExecutionListener, org.springframework.boot.test.mock.mockito.ResetMocksTestExecutionListener, org.springframework.boot.test.autoconfigure.restdocs.RestDocsTestExecutionListener, org.springframework.boot.test.autoconfigure.web.client.MockRestServiceServerResetTestExecutionListener, org.springframework.boot.test.autoconfigure.web.servlet.MockMvcPrintOnlyOnFailureTestExecutionListener, org.springframework.boot.test.autoconfigure.web.servlet.WebDriverTestExecutionListener, org.springframework.boot.test.autoconfigure.webservices.client.MockWebServiceServerTestExecutionListener, org.springframework.test.context.web.ServletTestExecutionListener, org.springframework.test.context.support.DirtiesContextBeforeModesTestExecutionListener, org.springframework.test.context.support.DependencyInjectionTestExecutionListener, org.springframework.test.context.support.DirtiesContextTestExecutionListener, org.springframework.test.context.transaction.TransactionalTestExecutionListener, org.springframework.test.context.jdbc.SqlScriptsTestExecutionListener, org.springframework.test.context.event.EventPublishingTestExecutionListener]
2020-08-10 03:20:13,290 INFO o.s.t.c.s.AbstractTestContextBootstrapper [main] Using TestExecutionListeners: [org.springframework.test.context.web.ServletTestExecutionListener@523424b5, org.springframework.test.context.support.DirtiesContextBeforeModesTestExecutionListener@2baa8d82, org.springframework.boot.test.mock.mockito.MockitoTestExecutionListener@319dead1, org.springframework.boot.test.autoconfigure.SpringBootDependencyInjectionTestExecutionListener@791cbf87, org.springframework.test.context.support.DirtiesContextTestExecutionListener@a7e2d9d, org.springframework.test.context.transaction.TransactionalTestExecutionListener@754777cd, org.springframework.test.context.jdbc.SqlScriptsTestExecutionListener@2b52c0d6, org.springframework.test.context.event.EventPublishingTestExecutionListener@372ea2bc, org.springframework.boot.test.mock.mockito.ResetMocksTestExecutionListener@4cc76301, org.springframework.boot.test.autoconfigure.restdocs.RestDocsTestExecutionListener@2f08c4b, org.springframework.boot.test.autoconfigure.web.client.MockRestServiceServerResetTestExecutionListener@3f19b8b3, org.springframework.boot.test.autoconfigure.web.servlet.MockMvcPrintOnlyOnFailureTestExecutionListener@7de0c6ae, org.springframework.boot.test.autoconfigure.web.servlet.WebDriverTestExecutionListener@a486d78, org.springframework.boot.test.autoconfigure.webservices.client.MockWebServiceServerTestExecutionListener@cdc3aae]
2020-08-10 03:20:13,954 INFO o.s.b.StartupInfoLogger [main] Starting SpringDockerAssignmentApplicationTests on confiz-3443 with PID 19032 (started by zakwaan.shahid in C:\Users\zakwaan.shahid\Downloads\SpringDockerAssignment)
2020-08-10 03:20:13,961 DEBUG o.s.b.StartupInfoLogger [main] Running with Spring Boot v2.3.2.RELEASE, Spring v5.2.8.RELEASE
2020-08-10 03:20:13,964 INFO o.s.b.SpringApplication [main] The following profiles are active: dev
2020-08-10 03:20:15,933 INFO o.a.j.l.DirectJDKLog [http-nio-8080-exec-1] Initializing Spring DispatcherServlet 'dispatcherServlet'
2020-08-10 03:20:15,933 INFO o.s.w.s.FrameworkServlet [http-nio-8080-exec-1] Initializing Servlet 'dispatcherServlet'
2020-08-10 03:20:15,942 INFO o.s.w.s.FrameworkServlet [http-nio-8080-exec-1] Completed initialization in 9 ms
2020-08-10 03:20:18,156 INFO o.s.s.c.ExecutorConfigurationSupport [main] Initializing ExecutorService 'applicationTaskExecutor'
2020-08-10 03:20:18,619 INFO o.s.m.w.MockServletContext [main] Initializing Spring TestDispatcherServlet ''
2020-08-10 03:20:18,620 INFO o.s.w.s.FrameworkServlet [main] Initializing Servlet ''
2020-08-10 03:20:18,652 INFO o.s.w.s.FrameworkServlet [main] Completed initialization in 31 ms
2020-08-10 03:20:19,343 INFO o.s.b.StartupInfoLogger [main] Started SpringDockerAssignmentApplicationTests in 5.973 seconds (JVM running for 8.3)
2020-08-10 03:20:19,627 DEBUG c.e.S.C.CandidateController [main] Candidate Added with ID : %d
2020-08-10 03:20:19,792 DEBUG c.e.S.C.CandidateController [main] Candidate Updated with ID : %d
2020-08-10 03:20:19,865 INFO o.s.s.c.ExecutorConfigurationSupport [SpringContextShutdownHook] Shutting down ExecutorService 'applicationTaskExecutor'
2020-08-10 03:20:22,308 INFO c.m.d.l.SLF4JLogger [http-nio-8080-exec-1] Opened connection [connectionId{localValue:3, serverValue:528699345}] to azure-db-cosmos-westus.mongo.cosmos.azure.com:10255
2020-08-10 03:22:58,229 INFO c.m.d.l.SLF4JLogger [MaintenanceTimer-2-thread-1] Closed connection [connectionId{localValue:3, serverValue:528699345}] to azure-db-cosmos-westus.mongo.cosmos.azure.com:10255 because it is past its maximum allowed idle time.
2020-08-10 04:16:31,980 INFO c.m.d.l.SLF4JLogger [cluster-ClusterId{value='5f307688884f96316f6ef0a5', description='null'}-azure-db-cosmos-westus.mongo.cosmos.azure.com:10255] Opened connection [connectionId{localValue:4, serverValue:2072810300}] to azure-db-cosmos-westus.mongo.cosmos.azure.com:10255
