2020-07-29 20:02:49,809 INFO o.s.b.StartupInfoLogger [main] Starting SbAssignmentApplication on confiz-3443 with PID 4272 (C:\Users\zakwaan.shahid\IdeaProjects\SBAssignment 4.0\target\classes started by zakwaan.shahid in C:\Users\zakwaan.shahid\IdeaProjects\SBAssignment 4.0)
2020-07-29 20:02:49,821 DEBUG o.s.b.StartupInfoLogger [main] Running with Spring Boot v2.3.2.RELEASE, Spring v5.2.8.RELEASE
2020-07-29 20:02:49,822 INFO o.s.b.SpringApplication [main] The following profiles are active: dev
2020-07-29 20:02:51,107 INFO o.s.d.r.c.RepositoryConfigurationDelegate [main] Bootstrapping Spring Data MongoDB repositories in DEFAULT mode.
2020-07-29 20:02:51,180 INFO o.s.d.r.c.RepositoryConfigurationDelegate [main] Finished Spring Data repository scanning in 67ms. Found 1 MongoDB repository interfaces.
2020-07-29 20:02:51,845 INFO o.s.b.w.e.t.TomcatWebServer [main] Tomcat initialized with port(s): 8080 (http)
2020-07-29 20:02:51,860 INFO o.a.j.l.DirectJDKLog [main] Initializing ProtocolHandler ["http-nio-8080"]
2020-07-29 20:02:51,861 INFO o.a.j.l.DirectJDKLog [main] Starting service [Tomcat]
2020-07-29 20:02:51,862 INFO o.a.j.l.DirectJDKLog [main] Starting Servlet engine: [Apache Tomcat/9.0.37]
2020-07-29 20:02:52,010 INFO o.a.j.l.DirectJDKLog [main] Initializing Spring embedded WebApplicationContext
2020-07-29 20:02:52,011 INFO o.s.b.w.s.c.ServletWebServerApplicationContext [main] Root WebApplicationContext: initialization completed in 2128 ms
2020-07-29 20:02:52,201 INFO c.m.d.l.SLF4JLogger [main] Cluster created with settings {hosts=[localhost:27017], mode=SINGLE, requiredClusterType=UNKNOWN, serverSelectionTimeout='30000 ms'}
2020-07-29 20:02:52,268 INFO c.m.d.l.SLF4JLogger [cluster-ClusterId{value='5f218f9c5ede9b0fc13ec5c5', description='null'}-localhost:27017] Opened connection [connectionId{localValue:1, serverValue:100}] to localhost:27017
2020-07-29 20:02:52,277 INFO c.m.d.l.SLF4JLogger [cluster-ClusterId{value='5f218f9c5ede9b0fc13ec5c5', description='null'}-localhost:27017] Monitor thread successfully connected to server with description ServerDescription{address=localhost:27017, type=STANDALONE, state=CONNECTED, ok=true, minWireVersion=0, maxWireVersion=8, maxDocumentSize=16777216, logicalSessionTimeoutMinutes=30, roundTripTimeNanos=4854800}
2020-07-29 20:02:53,210 INFO o.s.s.c.ExecutorConfigurationSupport [main] Initializing ExecutorService 'applicationTaskExecutor'
2020-07-29 20:02:53,377 INFO o.a.j.l.DirectJDKLog [main] Starting ProtocolHandler ["http-nio-8080"]
2020-07-29 20:02:53,421 INFO o.s.b.w.e.t.TomcatWebServer [main] Tomcat started on port(s): 8080 (http) with context path ''
2020-07-29 20:02:53,868 INFO o.s.b.StartupInfoLogger [main] Started SbAssignmentApplication in 4.642 seconds (JVM running for 6.061)
2020-07-29 20:03:31,957 INFO o.a.j.l.DirectJDKLog [http-nio-8080-exec-2] Initializing Spring DispatcherServlet 'dispatcherServlet'
2020-07-29 20:03:31,958 INFO o.s.w.s.FrameworkServlet [http-nio-8080-exec-2] Initializing Servlet 'dispatcherServlet'
2020-07-29 20:03:31,967 INFO o.s.w.s.FrameworkServlet [http-nio-8080-exec-2] Completed initialization in 9 ms
2020-07-29 20:03:32,034 INFO c.m.d.l.SLF4JLogger [http-nio-8080-exec-2] Opened connection [connectionId{localValue:2, serverValue:101}] to localhost:27017
2020-07-29 20:04:23,284 DEBUG c.e.S.C.CandidateController [http-nio-8080-exec-4] Candidate Added with ID : 1
